INFO:root:Training started.
INFO:root:Training started.
2026-03-03 03:14:14,070 - INFO - Training started.
2026-03-03 03:14:44,521 - INFO - Training started.
2026-03-03 03:17:10,199 - INFO - Training started.
2026-03-03 03:23:02,466 - INFO - Training started.
2026-03-03 03:23:17,115 - INFO - Training completed successfully.
2026-03-03 03:32:44,794 - INFO - Training started.
2026-03-03 03:32:56,913 - INFO - Training completed successfully.
2026-03-07 02:28:05,908 - INFO - Training started.
2026-03-07 02:28:05,928 - INFO - Dataset loaded with 500 samples.
2026-03-07 02:28:05,928 - INFO - Sequence dataset created with shape: (490, 10, 10)
2026-03-07 02:28:05,935 - INFO - Dataset split into training and testing.
2026-03-07 02:28:05,935 - INFO - Class weights calculated: {0: 0.5226666666666666, 1: 5.0256410256410255, 2: 0.47342995169082125, 3: 0.6666666666666666, 4: 32.666666666666664, 5: 4.083333333333333}
2026-03-07 02:28:06,798 - INFO - Model architecture built.
2026-03-07 02:28:15,124 - INFO - Model training completed.
2026-03-07 02:28:16,488 - INFO - Model evaluation completed.
2026-03-07 02:28:16,541 - INFO - Final model saved successfully.
2026-03-07 02:37:03,695 - INFO - Training started.
2026-03-07 02:37:03,724 - INFO - Dataset loaded with 47 samples.
2026-03-07 02:37:03,724 - INFO - Sequence dataset created with shape: (37, 10, 10)
2026-03-07 02:37:03,727 - INFO - Dataset split into training and testing.
2026-03-07 02:37:03,727 - INFO - Class weights calculated: {0: 2.4166666666666665, 1: 0.9666666666666667, 2: 0.8055555555555556, 3: 0.9666666666666667, 4: 0.9666666666666667, 5: 0.8055555555555556}
2026-03-07 02:37:05,002 - INFO - Model architecture built.
2026-03-07 02:37:16,979 - INFO - Model training completed.
2026-03-07 02:37:18,538 - INFO - Model evaluation completed.
2026-03-07 02:37:18,624 - INFO - Final model saved successfully.
2026-03-07 02:49:09,501 - INFO - Training started.
2026-03-07 02:49:09,550 - INFO - Dataset loaded with 9999 samples.
2026-03-07 02:49:09,550 - INFO - Dataset class distribution: {0: 1624, 1: 1585, 2: 1737, 3: 1678, 4: 1687, 5: 1688}
2026-03-07 02:49:09,586 - INFO - Sequence dataset created with shape: (9989, 10, 10)
2026-03-07 02:49:09,605 - INFO - Dataset split into training and testing.
2026-03-07 02:49:09,609 - INFO - Class weights calculated: {0: 1.025275853220426, 1: 1.0520010531858872, 2: 0.9595341018251681, 3: 0.993905472636816, 4: 0.9872745243390165, 5: 0.9872745243390165}
2026-03-07 02:49:11,482 - INFO - Model architecture built.
2026-03-07 02:50:02,367 - INFO - Model training completed.
2026-03-07 02:50:04,519 - INFO - Model evaluation completed.
2026-03-07 02:50:04,597 - INFO - Final model saved at models/lstm_v1.h5
2026-03-07 03:21:07,340 - INFO - Training started.
2026-03-07 03:21:07,396 - INFO - Dataset loaded with 15000 samples.
2026-03-07 03:21:07,396 - INFO - Dataset class distribution: {0: 5605, 1: 1890, 2: 1874, 3: 1904, 4: 1830, 5: 1897}
2026-03-07 03:21:07,447 - INFO - Sequence dataset created with shape: (14990, 10, 10)
2026-03-07 03:21:07,472 - INFO - Dataset split into training and testing.
2026-03-07 03:21:07,479 - INFO - Class weights calculated: {0: 0.44593187565075115, 1: 1.3244974596863266, 2: 1.3333333333333333, 3: 1.3131844064826983, 4: 1.366142629300524, 5: 1.3175126345858053}
2026-03-07 03:21:08,687 - INFO - Model architecture built.
2026-03-07 03:22:38,579 - INFO - Model training completed.
2026-03-07 03:22:41,335 - INFO - Model evaluation completed.
2026-03-07 03:22:41,422 - INFO - Final model saved at models/lstm_v1.h5
2026-03-07 03:49:33,279 - INFO - Training started.
2026-03-07 03:49:33,360 - INFO - Dataset loaded with 15000 samples.
2026-03-07 03:49:33,362 - INFO - Dataset class distribution: {0: 9287, 1: 2949, 2: 1698, 3: 736, 4: 172, 5: 158}
2026-03-07 03:49:33,427 - INFO - Sequence dataset created with shape: (14991, 10, 10)
2026-03-07 03:49:33,450 - INFO - Dataset split into training and testing.
2026-03-07 03:49:33,457 - INFO - Class weights calculated: {0: 0.2690357607573922, 1: 0.8472516603080401, 2: 1.4717722140402554, 3: 3.393322014714205, 4: 15.374358974358975, 5: 15.73753280839895}
2026-03-07 03:49:36,464 - INFO - Model architecture built.
2026-03-07 03:52:13,814 - INFO - Model training completed.
2026-03-07 03:52:26,219 - INFO - Model evaluation completed.
2026-03-07 03:52:26,360 - INFO - Final model saved at models/lstm_v1.h5
2026-03-12 15:10:23,585 - INFO - Training started.
2026-03-12 15:10:23,716 - INFO - Dataset loaded with 15000 samples.
2026-03-12 15:10:23,719 - INFO - Dataset class distribution: {0: 9287, 1: 2949, 2: 1698, 3: 736, 4: 172, 5: 158}
2026-03-12 15:10:23,808 - INFO - Sequence dataset created with shape: (14991, 10, 10)
2026-03-12 15:10:23,833 - INFO - Dataset split into training and testing.
2026-03-12 15:10:23,838 - INFO - Class weights calculated: {0: 0.2690357607573922, 1: 0.8472516603080401, 2: 1.4717722140402554, 3: 3.393322014714205, 4: 15.374358974358975, 5: 15.73753280839895}
2026-03-12 15:10:26,136 - INFO - Model architecture built.
2026-03-12 15:12:17,841 - INFO - Model training completed.
2026-03-12 15:12:21,117 - INFO - Model evaluation completed.
2026-03-12 15:12:21,216 - INFO - Final model saved at models/lstm_v1.h5
